2020-04-26 14:03:20,340 INFO 1512 [egg-schedule]: register schedule /home/kasra/www/egg/node_modules/egg-multipart/app/schedule/clean_tmpdir.js
2020-04-26 14:03:20,340 INFO 1512 [egg-schedule]: register schedule /home/kasra/www/egg/node_modules/egg-logrotator/app/schedule/clean_log.js
2020-04-26 14:03:20,340 INFO 1512 [egg-schedule]: register schedule /home/kasra/www/egg/node_modules/egg-logrotator/app/schedule/rotate_by_file.js
2020-04-26 14:03:41,370 INFO 1558 [egg-schedule]: register schedule /home/kasra/www/egg/node_modules/egg-multipart/app/schedule/clean_tmpdir.js
2020-04-26 14:03:41,370 INFO 1558 [egg-schedule]: register schedule /home/kasra/www/egg/node_modules/egg-logrotator/app/schedule/clean_log.js
2020-04-26 14:03:41,370 INFO 1558 [egg-schedule]: register schedule /home/kasra/www/egg/node_modules/egg-logrotator/app/schedule/rotate_by_file.js
2020-04-26 14:42:53,415 INFO 2795 [Timer] /home/kasra/www/egg/node_modules/egg-multipart/app/schedule/clean_tmpdir.js next time will execute after 49626588ms at 2020-04-27 04:30:00.003
2020-04-26 14:42:53,415 INFO 2795 [Timer] /home/kasra/www/egg/node_modules/egg-logrotator/app/schedule/clean_log.js next time will execute after 33426585ms at 2020-04-27 00:00:00.000
2020-04-26 14:42:53,415 INFO 2795 [Timer] /home/kasra/www/egg/node_modules/egg-logrotator/app/schedule/rotate_by_file.js next time will execute after 33427585ms at 2020-04-27 00:00:01.000
2020-04-26 14:42:53,148 INFO 2806 [egg-schedule]: register schedule /home/kasra/www/egg/node_modules/egg-multipart/app/schedule/clean_tmpdir.js
2020-04-26 14:42:53,148 INFO 2806 [egg-schedule]: register schedule /home/kasra/www/egg/node_modules/egg-logrotator/app/schedule/clean_log.js
2020-04-26 14:42:53,148 INFO 2806 [egg-schedule]: register schedule /home/kasra/www/egg/node_modules/egg-logrotator/app/schedule/rotate_by_file.js
2020-04-26 14:43:28,128 INFO 2993 [Timer] /home/kasra/www/egg/node_modules/egg-multipart/app/schedule/clean_tmpdir.js next time will execute after 49591874ms at 2020-04-27 04:30:00.002
2020-04-26 14:43:28,129 INFO 2993 [Timer] /home/kasra/www/egg/node_modules/egg-logrotator/app/schedule/clean_log.js next time will execute after 33391872ms at 2020-04-27 00:00:00.001
2020-04-26 14:43:28,129 INFO 2993 [Timer] /home/kasra/www/egg/node_modules/egg-logrotator/app/schedule/rotate_by_file.js next time will execute after 33392871ms at 2020-04-27 00:00:01.000
2020-04-26 14:43:27,870 INFO 3006 [egg-schedule]: register schedule /home/kasra/www/egg/node_modules/egg-multipart/app/schedule/clean_tmpdir.js
2020-04-26 14:43:27,870 INFO 3006 [egg-schedule]: register schedule /home/kasra/www/egg/node_modules/egg-logrotator/app/schedule/clean_log.js
2020-04-26 14:43:27,870 INFO 3006 [egg-schedule]: register schedule /home/kasra/www/egg/node_modules/egg-logrotator/app/schedule/rotate_by_file.js
2020-04-26 14:43:38,343 INFO 3055 [egg-schedule]: register schedule /home/kasra/www/egg/node_modules/egg-multipart/app/schedule/clean_tmpdir.js
2020-04-26 14:43:38,343 INFO 3055 [egg-schedule]: register schedule /home/kasra/www/egg/node_modules/egg-logrotator/app/schedule/clean_log.js
2020-04-26 14:43:38,343 INFO 3055 [egg-schedule]: register schedule /home/kasra/www/egg/node_modules/egg-logrotator/app/schedule/rotate_by_file.js
2020-04-26 14:45:37,124 INFO 3314 [Timer] /home/kasra/www/egg/node_modules/egg-multipart/app/schedule/clean_tmpdir.js next time will execute after 49462878ms at 2020-04-27 04:30:00.002
2020-04-26 14:45:37,124 INFO 3314 [Timer] /home/kasra/www/egg/node_modules/egg-logrotator/app/schedule/clean_log.js next time will execute after 33262876ms at 2020-04-27 00:00:00.000
2020-04-26 14:45:37,125 INFO 3314 [Timer] /home/kasra/www/egg/node_modules/egg-logrotator/app/schedule/rotate_by_file.js next time will execute after 33263876ms at 2020-04-27 00:00:01.000
2020-04-26 14:45:36,863 INFO 3328 [egg-schedule]: register schedule /home/kasra/www/egg/node_modules/egg-multipart/app/schedule/clean_tmpdir.js
2020-04-26 14:45:36,863 INFO 3328 [egg-schedule]: register schedule /home/kasra/www/egg/node_modules/egg-logrotator/app/schedule/clean_log.js
2020-04-26 14:45:36,863 INFO 3328 [egg-schedule]: register schedule /home/kasra/www/egg/node_modules/egg-logrotator/app/schedule/rotate_by_file.js
2020-04-26 16:07:41,003 INFO 5887 [egg-schedule]: register schedule /home/kasra/www/egg/node_modules/egg-multipart/app/schedule/clean_tmpdir.js
2020-04-26 16:07:41,003 INFO 5887 [egg-schedule]: register schedule /home/kasra/www/egg/node_modules/egg-logrotator/app/schedule/clean_log.js
2020-04-26 16:07:41,003 INFO 5887 [egg-schedule]: register schedule /home/kasra/www/egg/node_modules/egg-logrotator/app/schedule/rotate_by_file.js
2020-04-26 16:08:05,045 INFO 5915 [egg-schedule]: register schedule /home/kasra/www/egg/node_modules/egg-multipart/app/schedule/clean_tmpdir.js
2020-04-26 16:08:05,045 INFO 5915 [egg-schedule]: register schedule /home/kasra/www/egg/node_modules/egg-logrotator/app/schedule/clean_log.js
2020-04-26 16:08:05,045 INFO 5915 [egg-schedule]: register schedule /home/kasra/www/egg/node_modules/egg-logrotator/app/schedule/rotate_by_file.js
2020-04-26 16:08:22,297 INFO 5945 [egg-schedule]: register schedule /home/kasra/www/egg/node_modules/egg-multipart/app/schedule/clean_tmpdir.js
2020-04-26 16:08:22,298 INFO 5945 [egg-schedule]: register schedule /home/kasra/www/egg/node_modules/egg-logrotator/app/schedule/clean_log.js
2020-04-26 16:08:22,298 INFO 5945 [egg-schedule]: register schedule /home/kasra/www/egg/node_modules/egg-logrotator/app/schedule/rotate_by_file.js
2020-04-26 16:16:05,036 INFO 6237 [egg-schedule]: register schedule /home/kasra/www/egg/node_modules/egg-multipart/app/schedule/clean_tmpdir.js
2020-04-26 16:16:05,036 INFO 6237 [egg-schedule]: register schedule /home/kasra/www/egg/node_modules/egg-logrotator/app/schedule/clean_log.js
2020-04-26 16:16:05,036 INFO 6237 [egg-schedule]: register schedule /home/kasra/www/egg/node_modules/egg-logrotator/app/schedule/rotate_by_file.js
2020-04-26 16:16:32,184 INFO 6277 [egg-schedule]: register schedule /home/kasra/www/egg/node_modules/egg-multipart/app/schedule/clean_tmpdir.js
2020-04-26 16:16:32,184 INFO 6277 [egg-schedule]: register schedule /home/kasra/www/egg/node_modules/egg-logrotator/app/schedule/clean_log.js
2020-04-26 16:16:32,184 INFO 6277 [egg-schedule]: register schedule /home/kasra/www/egg/node_modules/egg-logrotator/app/schedule/rotate_by_file.js
2020-04-26 16:24:04,552 INFO 6410 [egg-schedule]: register schedule /home/kasra/www/egg/node_modules/egg-multipart/app/schedule/clean_tmpdir.js
2020-04-26 16:24:04,552 INFO 6410 [egg-schedule]: register schedule /home/kasra/www/egg/node_modules/egg-logrotator/app/schedule/clean_log.js
2020-04-26 16:24:04,552 INFO 6410 [egg-schedule]: register schedule /home/kasra/www/egg/node_modules/egg-logrotator/app/schedule/rotate_by_file.js
2020-04-26 16:27:30,615 INFO 6565 [egg-schedule]: register schedule /home/kasra/www/egg/node_modules/egg-multipart/app/schedule/clean_tmpdir.js
2020-04-26 16:27:30,615 INFO 6565 [egg-schedule]: register schedule /home/kasra/www/egg/node_modules/egg-logrotator/app/schedule/clean_log.js
2020-04-26 16:27:30,615 INFO 6565 [egg-schedule]: register schedule /home/kasra/www/egg/node_modules/egg-logrotator/app/schedule/rotate_by_file.js
2020-04-26 16:31:46,965 INFO 6827 [egg-schedule]: register schedule /home/kasra/www/egg/node_modules/egg-multipart/app/schedule/clean_tmpdir.js
2020-04-26 16:31:46,965 INFO 6827 [egg-schedule]: register schedule /home/kasra/www/egg/node_modules/egg-logrotator/app/schedule/clean_log.js
2020-04-26 16:31:46,965 INFO 6827 [egg-schedule]: register schedule /home/kasra/www/egg/node_modules/egg-logrotator/app/schedule/rotate_by_file.js
2020-04-26 16:32:00,248 INFO 6857 [egg-schedule]: register schedule /home/kasra/www/egg/node_modules/egg-multipart/app/schedule/clean_tmpdir.js
2020-04-26 16:32:00,248 INFO 6857 [egg-schedule]: register schedule /home/kasra/www/egg/node_modules/egg-logrotator/app/schedule/clean_log.js
2020-04-26 16:32:00,248 INFO 6857 [egg-schedule]: register schedule /home/kasra/www/egg/node_modules/egg-logrotator/app/schedule/rotate_by_file.js
2020-04-26 16:33:01,321 INFO 6911 [egg-schedule]: register schedule /home/kasra/www/egg/node_modules/egg-multipart/app/schedule/clean_tmpdir.js
2020-04-26 16:33:01,322 INFO 6911 [egg-schedule]: register schedule /home/kasra/www/egg/node_modules/egg-logrotator/app/schedule/clean_log.js
2020-04-26 16:33:01,322 INFO 6911 [egg-schedule]: register schedule /home/kasra/www/egg/node_modules/egg-logrotator/app/schedule/rotate_by_file.js
2020-04-26 16:33:03,107 INFO 6928 [egg-schedule]: register schedule /home/kasra/www/egg/node_modules/egg-multipart/app/schedule/clean_tmpdir.js
2020-04-26 16:33:03,107 INFO 6928 [egg-schedule]: register schedule /home/kasra/www/egg/node_modules/egg-logrotator/app/schedule/clean_log.js
2020-04-26 16:33:03,107 INFO 6928 [egg-schedule]: register schedule /home/kasra/www/egg/node_modules/egg-logrotator/app/schedule/rotate_by_file.js
2020-04-27 11:37:35,227 INFO 23724 [egg-schedule]: register schedule /home/kasra/www/egg/node_modules/egg-multipart/app/schedule/clean_tmpdir.js
2020-04-27 11:37:35,227 INFO 23724 [egg-schedule]: register schedule /home/kasra/www/egg/node_modules/egg-logrotator/app/schedule/clean_log.js
2020-04-27 11:37:35,227 INFO 23724 [egg-schedule]: register schedule /home/kasra/www/egg/node_modules/egg-logrotator/app/schedule/rotate_by_file.js
2020-04-27 11:37:46,752 INFO 23755 [egg-schedule]: register schedule /home/kasra/www/egg/node_modules/egg-multipart/app/schedule/clean_tmpdir.js
2020-04-27 11:37:46,752 INFO 23755 [egg-schedule]: register schedule /home/kasra/www/egg/node_modules/egg-logrotator/app/schedule/clean_log.js
2020-04-27 11:37:46,752 INFO 23755 [egg-schedule]: register schedule /home/kasra/www/egg/node_modules/egg-logrotator/app/schedule/rotate_by_file.js
2020-04-27 11:44:27,649 INFO 24206 [egg-schedule]: register schedule /home/kasra/www/egg/node_modules/egg-multipart/app/schedule/clean_tmpdir.js
2020-04-27 11:44:27,649 INFO 24206 [egg-schedule]: register schedule /home/kasra/www/egg/node_modules/egg-logrotator/app/schedule/clean_log.js
2020-04-27 11:44:27,649 INFO 24206 [egg-schedule]: register schedule /home/kasra/www/egg/node_modules/egg-logrotator/app/schedule/rotate_by_file.js
2020-04-27 11:44:50,409 INFO 24242 [egg-schedule]: register schedule /home/kasra/www/egg/node_modules/egg-multipart/app/schedule/clean_tmpdir.js
2020-04-27 11:44:50,409 INFO 24242 [egg-schedule]: register schedule /home/kasra/www/egg/node_modules/egg-logrotator/app/schedule/clean_log.js
2020-04-27 11:44:50,409 INFO 24242 [egg-schedule]: register schedule /home/kasra/www/egg/node_modules/egg-logrotator/app/schedule/rotate_by_file.js
2020-04-27 11:46:55,128 INFO 24336 [egg-schedule]: register schedule /home/kasra/www/egg/node_modules/egg-multipart/app/schedule/clean_tmpdir.js
2020-04-27 11:46:55,128 INFO 24336 [egg-schedule]: register schedule /home/kasra/www/egg/node_modules/egg-logrotator/app/schedule/clean_log.js
2020-04-27 11:46:55,128 INFO 24336 [egg-schedule]: register schedule /home/kasra/www/egg/node_modules/egg-logrotator/app/schedule/rotate_by_file.js
2020-04-27 11:47:07,660 INFO 24368 [egg-schedule]: register schedule /home/kasra/www/egg/node_modules/egg-multipart/app/schedule/clean_tmpdir.js
2020-04-27 11:47:07,660 INFO 24368 [egg-schedule]: register schedule /home/kasra/www/egg/node_modules/egg-logrotator/app/schedule/clean_log.js
2020-04-27 11:47:07,660 INFO 24368 [egg-schedule]: register schedule /home/kasra/www/egg/node_modules/egg-logrotator/app/schedule/rotate_by_file.js
2020-04-27 11:47:22,436 INFO 24395 [egg-schedule]: register schedule /home/kasra/www/egg/node_modules/egg-multipart/app/schedule/clean_tmpdir.js
2020-04-27 11:47:22,436 INFO 24395 [egg-schedule]: register schedule /home/kasra/www/egg/node_modules/egg-logrotator/app/schedule/clean_log.js
2020-04-27 11:47:22,436 INFO 24395 [egg-schedule]: register schedule /home/kasra/www/egg/node_modules/egg-logrotator/app/schedule/rotate_by_file.js
2020-04-27 11:50:39,120 INFO 24627 [egg-schedule]: register schedule /home/kasra/www/egg/node_modules/egg-multipart/app/schedule/clean_tmpdir.js
2020-04-27 11:50:39,120 INFO 24627 [egg-schedule]: register schedule /home/kasra/www/egg/node_modules/egg-logrotator/app/schedule/clean_log.js
2020-04-27 11:50:39,120 INFO 24627 [egg-schedule]: register schedule /home/kasra/www/egg/node_modules/egg-logrotator/app/schedule/rotate_by_file.js
2020-04-27 11:51:18,178 INFO 24663 [egg-schedule]: register schedule /home/kasra/www/egg/node_modules/egg-multipart/app/schedule/clean_tmpdir.js
2020-04-27 11:51:18,178 INFO 24663 [egg-schedule]: register schedule /home/kasra/www/egg/node_modules/egg-logrotator/app/schedule/clean_log.js
2020-04-27 11:51:18,178 INFO 24663 [egg-schedule]: register schedule /home/kasra/www/egg/node_modules/egg-logrotator/app/schedule/rotate_by_file.js
2020-04-27 11:51:47,772 INFO 24697 [egg-schedule]: register schedule /home/kasra/www/egg/node_modules/egg-multipart/app/schedule/clean_tmpdir.js
2020-04-27 11:51:47,772 INFO 24697 [egg-schedule]: register schedule /home/kasra/www/egg/node_modules/egg-logrotator/app/schedule/clean_log.js
2020-04-27 11:51:47,772 INFO 24697 [egg-schedule]: register schedule /home/kasra/www/egg/node_modules/egg-logrotator/app/schedule/rotate_by_file.js
2020-04-27 11:55:32,639 INFO 24827 [egg-schedule]: register schedule /home/kasra/www/egg/node_modules/egg-multipart/app/schedule/clean_tmpdir.js
2020-04-27 11:55:32,639 INFO 24827 [egg-schedule]: register schedule /home/kasra/www/egg/node_modules/egg-logrotator/app/schedule/clean_log.js
2020-04-27 11:55:32,639 INFO 24827 [egg-schedule]: register schedule /home/kasra/www/egg/node_modules/egg-logrotator/app/schedule/rotate_by_file.js
2020-04-27 11:55:37,078 INFO 24849 [egg-schedule]: register schedule /home/kasra/www/egg/node_modules/egg-multipart/app/schedule/clean_tmpdir.js
2020-04-27 11:55:37,078 INFO 24849 [egg-schedule]: register schedule /home/kasra/www/egg/node_modules/egg-logrotator/app/schedule/clean_log.js
2020-04-27 11:55:37,078 INFO 24849 [egg-schedule]: register schedule /home/kasra/www/egg/node_modules/egg-logrotator/app/schedule/rotate_by_file.js
2020-04-27 11:57:05,493 INFO 24920 [egg-schedule]: register schedule /home/kasra/www/egg/node_modules/egg-multipart/app/schedule/clean_tmpdir.js
2020-04-27 11:57:05,493 INFO 24920 [egg-schedule]: register schedule /home/kasra/www/egg/node_modules/egg-logrotator/app/schedule/clean_log.js
2020-04-27 11:57:05,493 INFO 24920 [egg-schedule]: register schedule /home/kasra/www/egg/node_modules/egg-logrotator/app/schedule/rotate_by_file.js
2020-04-27 11:57:09,453 INFO 24938 [egg-schedule]: register schedule /home/kasra/www/egg/node_modules/egg-multipart/app/schedule/clean_tmpdir.js
2020-04-27 11:57:09,453 INFO 24938 [egg-schedule]: register schedule /home/kasra/www/egg/node_modules/egg-logrotator/app/schedule/clean_log.js
2020-04-27 11:57:09,453 INFO 24938 [egg-schedule]: register schedule /home/kasra/www/egg/node_modules/egg-logrotator/app/schedule/rotate_by_file.js
2020-04-27 11:57:37,185 INFO 24968 [egg-schedule]: register schedule /home/kasra/www/egg/node_modules/egg-multipart/app/schedule/clean_tmpdir.js
2020-04-27 11:57:37,185 INFO 24968 [egg-schedule]: register schedule /home/kasra/www/egg/node_modules/egg-logrotator/app/schedule/clean_log.js
2020-04-27 11:57:37,185 INFO 24968 [egg-schedule]: register schedule /home/kasra/www/egg/node_modules/egg-logrotator/app/schedule/rotate_by_file.js
2020-04-27 11:57:52,722 INFO 24990 [egg-schedule]: register schedule /home/kasra/www/egg/node_modules/egg-multipart/app/schedule/clean_tmpdir.js
2020-04-27 11:57:52,722 INFO 24990 [egg-schedule]: register schedule /home/kasra/www/egg/node_modules/egg-logrotator/app/schedule/clean_log.js
2020-04-27 11:57:52,722 INFO 24990 [egg-schedule]: register schedule /home/kasra/www/egg/node_modules/egg-logrotator/app/schedule/rotate_by_file.js
2020-04-27 11:58:13,756 INFO 25023 [egg-schedule]: register schedule /home/kasra/www/egg/node_modules/egg-multipart/app/schedule/clean_tmpdir.js
2020-04-27 11:58:13,756 INFO 25023 [egg-schedule]: register schedule /home/kasra/www/egg/node_modules/egg-logrotator/app/schedule/clean_log.js
2020-04-27 11:58:13,756 INFO 25023 [egg-schedule]: register schedule /home/kasra/www/egg/node_modules/egg-logrotator/app/schedule/rotate_by_file.js
2020-04-27 11:58:55,386 INFO 25055 [egg-schedule]: register schedule /home/kasra/www/egg/node_modules/egg-multipart/app/schedule/clean_tmpdir.js
2020-04-27 11:58:55,386 INFO 25055 [egg-schedule]: register schedule /home/kasra/www/egg/node_modules/egg-logrotator/app/schedule/clean_log.js
2020-04-27 11:58:55,387 INFO 25055 [egg-schedule]: register schedule /home/kasra/www/egg/node_modules/egg-logrotator/app/schedule/rotate_by_file.js
2020-04-27 11:59:37,672 INFO 25088 [egg-schedule]: register schedule /home/kasra/www/egg/node_modules/egg-multipart/app/schedule/clean_tmpdir.js
2020-04-27 11:59:37,672 INFO 25088 [egg-schedule]: register schedule /home/kasra/www/egg/node_modules/egg-logrotator/app/schedule/clean_log.js
2020-04-27 11:59:37,672 INFO 25088 [egg-schedule]: register schedule /home/kasra/www/egg/node_modules/egg-logrotator/app/schedule/rotate_by_file.js
2020-04-27 11:59:38,506 INFO 25100 [egg-schedule]: register schedule /home/kasra/www/egg/node_modules/egg-multipart/app/schedule/clean_tmpdir.js
2020-04-27 11:59:38,506 INFO 25100 [egg-schedule]: register schedule /home/kasra/www/egg/node_modules/egg-logrotator/app/schedule/clean_log.js
2020-04-27 11:59:38,506 INFO 25100 [egg-schedule]: register schedule /home/kasra/www/egg/node_modules/egg-logrotator/app/schedule/rotate_by_file.js
2020-04-27 11:59:43,110 INFO 25117 [egg-schedule]: register schedule /home/kasra/www/egg/node_modules/egg-multipart/app/schedule/clean_tmpdir.js
2020-04-27 11:59:43,110 INFO 25117 [egg-schedule]: register schedule /home/kasra/www/egg/node_modules/egg-logrotator/app/schedule/clean_log.js
2020-04-27 11:59:43,110 INFO 25117 [egg-schedule]: register schedule /home/kasra/www/egg/node_modules/egg-logrotator/app/schedule/rotate_by_file.js
2020-04-27 12:00:09,116 INFO 25147 [egg-schedule]: register schedule /home/kasra/www/egg/node_modules/egg-multipart/app/schedule/clean_tmpdir.js
2020-04-27 12:00:09,116 INFO 25147 [egg-schedule]: register schedule /home/kasra/www/egg/node_modules/egg-logrotator/app/schedule/clean_log.js
2020-04-27 12:00:09,116 INFO 25147 [egg-schedule]: register schedule /home/kasra/www/egg/node_modules/egg-logrotator/app/schedule/rotate_by_file.js
2020-04-27 12:01:28,734 INFO 25231 [egg-schedule]: register schedule /home/kasra/www/egg/node_modules/egg-multipart/app/schedule/clean_tmpdir.js
2020-04-27 12:01:28,734 INFO 25231 [egg-schedule]: register schedule /home/kasra/www/egg/node_modules/egg-logrotator/app/schedule/clean_log.js
2020-04-27 12:01:28,734 INFO 25231 [egg-schedule]: register schedule /home/kasra/www/egg/node_modules/egg-logrotator/app/schedule/rotate_by_file.js
2020-04-27 12:01:37,453 INFO 25264 [egg-schedule]: register schedule /home/kasra/www/egg/node_modules/egg-multipart/app/schedule/clean_tmpdir.js
2020-04-27 12:01:37,453 INFO 25264 [egg-schedule]: register schedule /home/kasra/www/egg/node_modules/egg-logrotator/app/schedule/clean_log.js
2020-04-27 12:01:37,453 INFO 25264 [egg-schedule]: register schedule /home/kasra/www/egg/node_modules/egg-logrotator/app/schedule/rotate_by_file.js
2020-04-27 12:02:24,905 INFO 25292 [egg-schedule]: register schedule /home/kasra/www/egg/node_modules/egg-multipart/app/schedule/clean_tmpdir.js
2020-04-27 12:02:24,905 INFO 25292 [egg-schedule]: register schedule /home/kasra/www/egg/node_modules/egg-logrotator/app/schedule/clean_log.js
2020-04-27 12:02:24,905 INFO 25292 [egg-schedule]: register schedule /home/kasra/www/egg/node_modules/egg-logrotator/app/schedule/rotate_by_file.js
2020-04-27 12:03:00,985 INFO 25334 [egg-schedule]: register schedule /home/kasra/www/egg/node_modules/egg-multipart/app/schedule/clean_tmpdir.js
2020-04-27 12:03:00,985 INFO 25334 [egg-schedule]: register schedule /home/kasra/www/egg/node_modules/egg-logrotator/app/schedule/clean_log.js
2020-04-27 12:03:00,985 INFO 25334 [egg-schedule]: register schedule /home/kasra/www/egg/node_modules/egg-logrotator/app/schedule/rotate_by_file.js
2020-04-27 12:04:15,997 INFO 25512 [egg-schedule]: register schedule /home/kasra/www/egg/node_modules/egg-multipart/app/schedule/clean_tmpdir.js
2020-04-27 12:04:15,997 INFO 25512 [egg-schedule]: register schedule /home/kasra/www/egg/node_modules/egg-logrotator/app/schedule/clean_log.js
2020-04-27 12:04:15,997 INFO 25512 [egg-schedule]: register schedule /home/kasra/www/egg/node_modules/egg-logrotator/app/schedule/rotate_by_file.js
2020-04-27 12:04:45,336 INFO 25546 [egg-schedule]: register schedule /home/kasra/www/egg/node_modules/egg-multipart/app/schedule/clean_tmpdir.js
2020-04-27 12:04:45,336 INFO 25546 [egg-schedule]: register schedule /home/kasra/www/egg/node_modules/egg-logrotator/app/schedule/clean_log.js
2020-04-27 12:04:45,336 INFO 25546 [egg-schedule]: register schedule /home/kasra/www/egg/node_modules/egg-logrotator/app/schedule/rotate_by_file.js
2020-04-27 12:05:12,391 INFO 25580 [egg-schedule]: register schedule /home/kasra/www/egg/node_modules/egg-multipart/app/schedule/clean_tmpdir.js
2020-04-27 12:05:12,391 INFO 25580 [egg-schedule]: register schedule /home/kasra/www/egg/node_modules/egg-logrotator/app/schedule/clean_log.js
2020-04-27 12:05:12,391 INFO 25580 [egg-schedule]: register schedule /home/kasra/www/egg/node_modules/egg-logrotator/app/schedule/rotate_by_file.js
2020-04-27 12:05:47,494 INFO 25618 [egg-schedule]: register schedule /home/kasra/www/egg/node_modules/egg-multipart/app/schedule/clean_tmpdir.js
2020-04-27 12:05:47,494 INFO 25618 [egg-schedule]: register schedule /home/kasra/www/egg/node_modules/egg-logrotator/app/schedule/clean_log.js
2020-04-27 12:05:47,494 INFO 25618 [egg-schedule]: register schedule /home/kasra/www/egg/node_modules/egg-logrotator/app/schedule/rotate_by_file.js
2020-04-27 12:06:05,407 INFO 25648 [egg-schedule]: register schedule /home/kasra/www/egg/node_modules/egg-multipart/app/schedule/clean_tmpdir.js
2020-04-27 12:06:05,407 INFO 25648 [egg-schedule]: register schedule /home/kasra/www/egg/node_modules/egg-logrotator/app/schedule/clean_log.js
2020-04-27 12:06:05,407 INFO 25648 [egg-schedule]: register schedule /home/kasra/www/egg/node_modules/egg-logrotator/app/schedule/rotate_by_file.js
2020-04-27 12:06:21,195 INFO 25678 [egg-schedule]: register schedule /home/kasra/www/egg/node_modules/egg-multipart/app/schedule/clean_tmpdir.js
2020-04-27 12:06:21,195 INFO 25678 [egg-schedule]: register schedule /home/kasra/www/egg/node_modules/egg-logrotator/app/schedule/clean_log.js
2020-04-27 12:06:21,195 INFO 25678 [egg-schedule]: register schedule /home/kasra/www/egg/node_modules/egg-logrotator/app/schedule/rotate_by_file.js
2020-04-27 12:07:04,467 INFO 25730 [egg-schedule]: register schedule /home/kasra/www/egg/node_modules/egg-multipart/app/schedule/clean_tmpdir.js
2020-04-27 12:07:04,467 INFO 25730 [egg-schedule]: register schedule /home/kasra/www/egg/node_modules/egg-logrotator/app/schedule/clean_log.js
2020-04-27 12:07:04,468 INFO 25730 [egg-schedule]: register schedule /home/kasra/www/egg/node_modules/egg-logrotator/app/schedule/rotate_by_file.js
2020-04-27 12:07:10,652 INFO 25752 [egg-schedule]: register schedule /home/kasra/www/egg/node_modules/egg-multipart/app/schedule/clean_tmpdir.js
2020-04-27 12:07:10,652 INFO 25752 [egg-schedule]: register schedule /home/kasra/www/egg/node_modules/egg-logrotator/app/schedule/clean_log.js
2020-04-27 12:07:10,652 INFO 25752 [egg-schedule]: register schedule /home/kasra/www/egg/node_modules/egg-logrotator/app/schedule/rotate_by_file.js
2020-04-27 12:17:13,192 INFO 25985 [egg-schedule]: register schedule /home/kasra/www/egg/node_modules/egg-multipart/app/schedule/clean_tmpdir.js
2020-04-27 12:17:13,192 INFO 25985 [egg-schedule]: register schedule /home/kasra/www/egg/node_modules/egg-logrotator/app/schedule/clean_log.js
2020-04-27 12:17:13,192 INFO 25985 [egg-schedule]: register schedule /home/kasra/www/egg/node_modules/egg-logrotator/app/schedule/rotate_by_file.js
2020-04-27 12:17:39,085 INFO 26027 [egg-schedule]: register schedule /home/kasra/www/egg/node_modules/egg-multipart/app/schedule/clean_tmpdir.js
2020-04-27 12:17:39,085 INFO 26027 [egg-schedule]: register schedule /home/kasra/www/egg/node_modules/egg-logrotator/app/schedule/clean_log.js
2020-04-27 12:17:39,085 INFO 26027 [egg-schedule]: register schedule /home/kasra/www/egg/node_modules/egg-logrotator/app/schedule/rotate_by_file.js
2020-04-27 12:30:27,160 INFO 26739 [egg-schedule]: register schedule /home/kasra/www/egg/node_modules/egg-multipart/app/schedule/clean_tmpdir.js
2020-04-27 12:30:27,160 INFO 26739 [egg-schedule]: register schedule /home/kasra/www/egg/node_modules/egg-logrotator/app/schedule/clean_log.js
2020-04-27 12:30:27,160 INFO 26739 [egg-schedule]: register schedule /home/kasra/www/egg/node_modules/egg-logrotator/app/schedule/rotate_by_file.js
2020-04-27 12:30:27,160 INFO 26726 [egg-schedule]: register schedule /home/kasra/www/egg/node_modules/egg-multipart/app/schedule/clean_tmpdir.js
2020-04-27 12:30:27,161 INFO 26726 [egg-schedule]: register schedule /home/kasra/www/egg/node_modules/egg-logrotator/app/schedule/clean_log.js
2020-04-27 12:30:27,161 INFO 26726 [egg-schedule]: register schedule /home/kasra/www/egg/node_modules/egg-logrotator/app/schedule/rotate_by_file.js
2020-04-27 12:34:17,113 INFO 26967 [egg-schedule]: register schedule /home/kasra/www/egg/node_modules/egg-multipart/app/schedule/clean_tmpdir.js
2020-04-27 12:34:17,113 INFO 26967 [egg-schedule]: register schedule /home/kasra/www/egg/node_modules/egg-logrotator/app/schedule/clean_log.js
2020-04-27 12:34:17,113 INFO 26967 [egg-schedule]: register schedule /home/kasra/www/egg/node_modules/egg-logrotator/app/schedule/rotate_by_file.js
2020-04-27 12:34:17,109 INFO 26961 [egg-schedule]: register schedule /home/kasra/www/egg/node_modules/egg-multipart/app/schedule/clean_tmpdir.js
2020-04-27 12:34:17,109 INFO 26961 [egg-schedule]: register schedule /home/kasra/www/egg/node_modules/egg-logrotator/app/schedule/clean_log.js
2020-04-27 12:34:17,109 INFO 26961 [egg-schedule]: register schedule /home/kasra/www/egg/node_modules/egg-logrotator/app/schedule/rotate_by_file.js
2020-04-27 12:34:17,113 INFO 26955 [egg-schedule]: register schedule /home/kasra/www/egg/node_modules/egg-multipart/app/schedule/clean_tmpdir.js
2020-04-27 12:34:17,113 INFO 26955 [egg-schedule]: register schedule /home/kasra/www/egg/node_modules/egg-logrotator/app/schedule/clean_log.js
2020-04-27 12:34:17,113 INFO 26955 [egg-schedule]: register schedule /home/kasra/www/egg/node_modules/egg-logrotator/app/schedule/rotate_by_file.js
2020-04-27 12:35:22,851 INFO 27093 [Timer] /home/kasra/www/egg/node_modules/egg-multipart/app/schedule/clean_tmpdir.js next time will execute after 57277153ms at 2020-04-28 04:30:00.003
2020-04-27 12:35:22,851 INFO 27093 [Timer] /home/kasra/www/egg/node_modules/egg-logrotator/app/schedule/clean_log.js next time will execute after 41077149ms at 2020-04-28 00:00:00.000
2020-04-27 12:35:22,852 INFO 27093 [Timer] /home/kasra/www/egg/node_modules/egg-logrotator/app/schedule/rotate_by_file.js next time will execute after 41078149ms at 2020-04-28 00:00:01.001
2020-04-27 12:35:22,587 INFO 27105 [egg-schedule]: register schedule /home/kasra/www/egg/node_modules/egg-multipart/app/schedule/clean_tmpdir.js
2020-04-27 12:35:22,587 INFO 27105 [egg-schedule]: register schedule /home/kasra/www/egg/node_modules/egg-logrotator/app/schedule/clean_log.js
2020-04-27 12:35:22,587 INFO 27105 [egg-schedule]: register schedule /home/kasra/www/egg/node_modules/egg-logrotator/app/schedule/rotate_by_file.js
2020-04-27 12:35:59,396 INFO 27356 [egg-schedule]: register schedule /home/kasra/www/egg/node_modules/egg-multipart/app/schedule/clean_tmpdir.js
2020-04-27 12:35:59,396 INFO 27356 [egg-schedule]: register schedule /home/kasra/www/egg/node_modules/egg-logrotator/app/schedule/clean_log.js
2020-04-27 12:35:59,396 INFO 27356 [egg-schedule]: register schedule /home/kasra/www/egg/node_modules/egg-logrotator/app/schedule/rotate_by_file.js
2020-04-27 12:35:59,401 INFO 27357 [egg-schedule]: register schedule /home/kasra/www/egg/node_modules/egg-multipart/app/schedule/clean_tmpdir.js
2020-04-27 12:35:59,401 INFO 27357 [egg-schedule]: register schedule /home/kasra/www/egg/node_modules/egg-logrotator/app/schedule/clean_log.js
2020-04-27 12:35:59,401 INFO 27357 [egg-schedule]: register schedule /home/kasra/www/egg/node_modules/egg-logrotator/app/schedule/rotate_by_file.js
2020-04-27 12:36:17,095 INFO 27497 [egg-schedule]: register schedule /home/kasra/www/egg/node_modules/egg-multipart/app/schedule/clean_tmpdir.js
2020-04-27 12:36:17,095 INFO 27497 [egg-schedule]: register schedule /home/kasra/www/egg/node_modules/egg-logrotator/app/schedule/clean_log.js
2020-04-27 12:36:17,095 INFO 27497 [egg-schedule]: register schedule /home/kasra/www/egg/node_modules/egg-logrotator/app/schedule/rotate_by_file.js
2020-04-27 12:36:17,110 INFO 27510 [egg-schedule]: register schedule /home/kasra/www/egg/node_modules/egg-multipart/app/schedule/clean_tmpdir.js
2020-04-27 12:36:17,110 INFO 27510 [egg-schedule]: register schedule /home/kasra/www/egg/node_modules/egg-logrotator/app/schedule/clean_log.js
2020-04-27 12:36:17,110 INFO 27510 [egg-schedule]: register schedule /home/kasra/www/egg/node_modules/egg-logrotator/app/schedule/rotate_by_file.js
2020-04-27 12:36:17,096 INFO 27496 [egg-schedule]: register schedule /home/kasra/www/egg/node_modules/egg-multipart/app/schedule/clean_tmpdir.js
2020-04-27 12:36:17,096 INFO 27496 [egg-schedule]: register schedule /home/kasra/www/egg/node_modules/egg-logrotator/app/schedule/clean_log.js
2020-04-27 12:36:17,096 INFO 27496 [egg-schedule]: register schedule /home/kasra/www/egg/node_modules/egg-logrotator/app/schedule/rotate_by_file.js
2020-04-27 12:36:17,102 INFO 27503 [egg-schedule]: register schedule /home/kasra/www/egg/node_modules/egg-multipart/app/schedule/clean_tmpdir.js
2020-04-27 12:36:17,102 INFO 27503 [egg-schedule]: register schedule /home/kasra/www/egg/node_modules/egg-logrotator/app/schedule/clean_log.js
2020-04-27 12:36:17,102 INFO 27503 [egg-schedule]: register schedule /home/kasra/www/egg/node_modules/egg-logrotator/app/schedule/rotate_by_file.js
2020-04-27 12:36:31,954 INFO 27613 [egg-schedule]: register schedule /home/kasra/www/egg/node_modules/egg-multipart/app/schedule/clean_tmpdir.js
2020-04-27 12:36:31,954 INFO 27613 [egg-schedule]: register schedule /home/kasra/www/egg/node_modules/egg-logrotator/app/schedule/clean_log.js
2020-04-27 12:36:31,954 INFO 27613 [egg-schedule]: register schedule /home/kasra/www/egg/node_modules/egg-logrotator/app/schedule/rotate_by_file.js
2020-04-27 12:37:03,159 INFO 27794 [egg-schedule]: register schedule /home/kasra/www/egg/node_modules/egg-multipart/app/schedule/clean_tmpdir.js
2020-04-27 12:37:03,159 INFO 27794 [egg-schedule]: register schedule /home/kasra/www/egg/node_modules/egg-logrotator/app/schedule/clean_log.js
2020-04-27 12:37:03,159 INFO 27794 [egg-schedule]: register schedule /home/kasra/www/egg/node_modules/egg-logrotator/app/schedule/rotate_by_file.js
2020-04-27 12:37:46,022 INFO 27877 [egg-schedule]: register schedule /home/kasra/www/egg/node_modules/egg-multipart/app/schedule/clean_tmpdir.js
2020-04-27 12:37:46,022 INFO 27877 [egg-schedule]: register schedule /home/kasra/www/egg/node_modules/egg-logrotator/app/schedule/clean_log.js
2020-04-27 12:37:46,022 INFO 27877 [egg-schedule]: register schedule /home/kasra/www/egg/node_modules/egg-logrotator/app/schedule/rotate_by_file.js
2020-04-27 12:37:48,439 INFO 27950 [egg-schedule]: register schedule /home/kasra/www/egg/node_modules/egg-multipart/app/schedule/clean_tmpdir.js
2020-04-27 12:37:48,439 INFO 27950 [egg-schedule]: register schedule /home/kasra/www/egg/node_modules/egg-logrotator/app/schedule/clean_log.js
2020-04-27 12:37:48,439 INFO 27950 [egg-schedule]: register schedule /home/kasra/www/egg/node_modules/egg-logrotator/app/schedule/rotate_by_file.js
2020-04-27 12:37:48,436 INFO 27944 [egg-schedule]: register schedule /home/kasra/www/egg/node_modules/egg-multipart/app/schedule/clean_tmpdir.js
2020-04-27 12:37:48,436 INFO 27944 [egg-schedule]: register schedule /home/kasra/www/egg/node_modules/egg-logrotator/app/schedule/clean_log.js
2020-04-27 12:37:48,436 INFO 27944 [egg-schedule]: register schedule /home/kasra/www/egg/node_modules/egg-logrotator/app/schedule/rotate_by_file.js
2020-04-27 12:37:48,439 INFO 27956 [egg-schedule]: register schedule /home/kasra/www/egg/node_modules/egg-multipart/app/schedule/clean_tmpdir.js
2020-04-27 12:37:48,439 INFO 27956 [egg-schedule]: register schedule /home/kasra/www/egg/node_modules/egg-logrotator/app/schedule/clean_log.js
2020-04-27 12:37:48,439 INFO 27956 [egg-schedule]: register schedule /home/kasra/www/egg/node_modules/egg-logrotator/app/schedule/rotate_by_file.js
2020-04-27 12:37:48,435 INFO 27943 [egg-schedule]: register schedule /home/kasra/www/egg/node_modules/egg-multipart/app/schedule/clean_tmpdir.js
2020-04-27 12:37:48,435 INFO 27943 [egg-schedule]: register schedule /home/kasra/www/egg/node_modules/egg-logrotator/app/schedule/clean_log.js
2020-04-27 12:37:48,435 INFO 27943 [egg-schedule]: register schedule /home/kasra/www/egg/node_modules/egg-logrotator/app/schedule/rotate_by_file.js
2020-04-27 12:38:21,326 INFO 28029 [egg-schedule]: register schedule /home/kasra/www/egg/node_modules/egg-multipart/app/schedule/clean_tmpdir.js
2020-04-27 12:38:21,327 INFO 28029 [egg-schedule]: register schedule /home/kasra/www/egg/node_modules/egg-logrotator/app/schedule/clean_log.js
2020-04-27 12:38:21,327 INFO 28029 [egg-schedule]: register schedule /home/kasra/www/egg/node_modules/egg-logrotator/app/schedule/rotate_by_file.js
2020-04-27 12:38:27,201 INFO 28151 [Timer] /home/kasra/www/egg/node_modules/egg-multipart/app/schedule/clean_tmpdir.js next time will execute after 57092801ms at 2020-04-28 04:30:00.002
2020-04-27 12:38:27,201 INFO 28151 [Timer] /home/kasra/www/egg/node_modules/egg-logrotator/app/schedule/clean_log.js next time will execute after 40892799ms at 2020-04-28 00:00:00.000
2020-04-27 12:38:27,202 INFO 28151 [Timer] /home/kasra/www/egg/node_modules/egg-logrotator/app/schedule/rotate_by_file.js next time will execute after 40893798ms at 2020-04-28 00:00:01.000
2020-04-27 12:38:26,821 INFO 28162 [egg-schedule]: register schedule /home/kasra/www/egg/node_modules/egg-multipart/app/schedule/clean_tmpdir.js
2020-04-27 12:38:26,821 INFO 28162 [egg-schedule]: register schedule /home/kasra/www/egg/node_modules/egg-logrotator/app/schedule/clean_log.js
2020-04-27 12:38:26,821 INFO 28162 [egg-schedule]: register schedule /home/kasra/www/egg/node_modules/egg-logrotator/app/schedule/rotate_by_file.js
2020-04-27 12:38:26,822 INFO 28163 [egg-schedule]: register schedule /home/kasra/www/egg/node_modules/egg-multipart/app/schedule/clean_tmpdir.js
2020-04-27 12:38:26,822 INFO 28163 [egg-schedule]: register schedule /home/kasra/www/egg/node_modules/egg-logrotator/app/schedule/clean_log.js
2020-04-27 12:38:26,822 INFO 28163 [egg-schedule]: register schedule /home/kasra/www/egg/node_modules/egg-logrotator/app/schedule/rotate_by_file.js
2020-04-27 12:38:26,835 INFO 28176 [egg-schedule]: register schedule /home/kasra/www/egg/node_modules/egg-multipart/app/schedule/clean_tmpdir.js
2020-04-27 12:38:26,835 INFO 28176 [egg-schedule]: register schedule /home/kasra/www/egg/node_modules/egg-logrotator/app/schedule/clean_log.js
2020-04-27 12:38:26,835 INFO 28176 [egg-schedule]: register schedule /home/kasra/www/egg/node_modules/egg-logrotator/app/schedule/rotate_by_file.js
2020-04-27 12:38:26,841 INFO 28169 [egg-schedule]: register schedule /home/kasra/www/egg/node_modules/egg-multipart/app/schedule/clean_tmpdir.js
2020-04-27 12:38:26,841 INFO 28169 [egg-schedule]: register schedule /home/kasra/www/egg/node_modules/egg-logrotator/app/schedule/clean_log.js
2020-04-27 12:38:26,841 INFO 28169 [egg-schedule]: register schedule /home/kasra/www/egg/node_modules/egg-logrotator/app/schedule/rotate_by_file.js
2020-04-27 12:38:51,875 INFO 28341 [Timer] /home/kasra/www/egg/node_modules/egg-multipart/app/schedule/clean_tmpdir.js next time will execute after 57068127ms at 2020-04-28 04:30:00.002
2020-04-27 12:38:51,875 INFO 28341 [Timer] /home/kasra/www/egg/node_modules/egg-logrotator/app/schedule/clean_log.js next time will execute after 40868125ms at 2020-04-28 00:00:00.000
2020-04-27 12:38:51,875 INFO 28341 [Timer] /home/kasra/www/egg/node_modules/egg-logrotator/app/schedule/rotate_by_file.js next time will execute after 40869125ms at 2020-04-28 00:00:01.000
2020-04-27 12:38:51,611 INFO 28352 [egg-schedule]: register schedule /home/kasra/www/egg/node_modules/egg-multipart/app/schedule/clean_tmpdir.js
2020-04-27 12:38:51,611 INFO 28352 [egg-schedule]: register schedule /home/kasra/www/egg/node_modules/egg-logrotator/app/schedule/clean_log.js
2020-04-27 12:38:51,611 INFO 28352 [egg-schedule]: register schedule /home/kasra/www/egg/node_modules/egg-logrotator/app/schedule/rotate_by_file.js
2020-04-27 12:41:26,270 INFO 28535 [egg-schedule]: register schedule /home/kasra/www/egg/node_modules/egg-multipart/app/schedule/clean_tmpdir.js
2020-04-27 12:41:26,270 INFO 28535 [egg-schedule]: register schedule /home/kasra/www/egg/node_modules/egg-logrotator/app/schedule/clean_log.js
2020-04-27 12:41:26,270 INFO 28535 [egg-schedule]: register schedule /home/kasra/www/egg/node_modules/egg-logrotator/app/schedule/rotate_by_file.js
2020-04-27 12:41:27,151 INFO 28535 [Timer] /home/kasra/www/egg/node_modules/egg-multipart/app/schedule/clean_tmpdir.js next time will execute after 56912851ms at 2020-04-28 04:30:00.002
2020-04-27 12:41:27,152 INFO 28535 [Timer] /home/kasra/www/egg/node_modules/egg-logrotator/app/schedule/clean_log.js next time will execute after 40712849ms at 2020-04-28 00:00:00.001
2020-04-27 12:41:27,152 INFO 28535 [Timer] /home/kasra/www/egg/node_modules/egg-logrotator/app/schedule/rotate_by_file.js next time will execute after 40713848ms at 2020-04-28 00:00:01.000
2020-04-27 13:33:11,889 INFO 29419 [egg-schedule]: register schedule /home/kasra/www/egg/node_modules/egg-multipart/app/schedule/clean_tmpdir.js
2020-04-27 13:33:11,889 INFO 29419 [egg-schedule]: register schedule /home/kasra/www/egg/node_modules/egg-logrotator/app/schedule/clean_log.js
2020-04-27 13:33:11,889 INFO 29419 [egg-schedule]: register schedule /home/kasra/www/egg/node_modules/egg-logrotator/app/schedule/rotate_by_file.js
2020-04-27 13:42:10,591 INFO 29819 [egg-schedule]: register schedule /home/kasra/www/egg/node_modules/egg-multipart/app/schedule/clean_tmpdir.js
2020-04-27 13:42:10,591 INFO 29819 [egg-schedule]: register schedule /home/kasra/www/egg/node_modules/egg-logrotator/app/schedule/clean_log.js
2020-04-27 13:42:10,591 INFO 29819 [egg-schedule]: register schedule /home/kasra/www/egg/node_modules/egg-logrotator/app/schedule/rotate_by_file.js
2020-04-27 13:42:59,309 INFO 29894 [egg-schedule]: register schedule /home/kasra/www/egg/node_modules/egg-multipart/app/schedule/clean_tmpdir.js
2020-04-27 13:42:59,309 INFO 29894 [egg-schedule]: register schedule /home/kasra/www/egg/node_modules/egg-logrotator/app/schedule/clean_log.js
2020-04-27 13:42:59,309 INFO 29894 [egg-schedule]: register schedule /home/kasra/www/egg/node_modules/egg-logrotator/app/schedule/rotate_by_file.js
2020-04-27 13:43:28,091 INFO 29955 [egg-schedule]: register schedule /home/kasra/www/egg/node_modules/egg-multipart/app/schedule/clean_tmpdir.js
2020-04-27 13:43:28,091 INFO 29955 [egg-schedule]: register schedule /home/kasra/www/egg/node_modules/egg-logrotator/app/schedule/clean_log.js
2020-04-27 13:43:28,091 INFO 29955 [egg-schedule]: register schedule /home/kasra/www/egg/node_modules/egg-logrotator/app/schedule/rotate_by_file.js
2020-04-27 13:44:27,290 INFO 29997 [egg-schedule]: register schedule /home/kasra/www/egg/node_modules/egg-multipart/app/schedule/clean_tmpdir.js
2020-04-27 13:44:27,290 INFO 29997 [egg-schedule]: register schedule /home/kasra/www/egg/node_modules/egg-logrotator/app/schedule/clean_log.js
2020-04-27 13:44:27,290 INFO 29997 [egg-schedule]: register schedule /home/kasra/www/egg/node_modules/egg-logrotator/app/schedule/rotate_by_file.js
2020-04-27 13:44:56,345 INFO 30037 [egg-schedule]: register schedule /home/kasra/www/egg/node_modules/egg-multipart/app/schedule/clean_tmpdir.js
2020-04-27 13:44:56,345 INFO 30037 [egg-schedule]: register schedule /home/kasra/www/egg/node_modules/egg-logrotator/app/schedule/clean_log.js
2020-04-27 13:44:56,345 INFO 30037 [egg-schedule]: register schedule /home/kasra/www/egg/node_modules/egg-logrotator/app/schedule/rotate_by_file.js
2020-04-27 13:50:47,406 INFO 30355 [egg-schedule]: register schedule /home/kasra/www/egg/node_modules/egg-multipart/app/schedule/clean_tmpdir.js
2020-04-27 13:50:47,406 INFO 30355 [egg-schedule]: register schedule /home/kasra/www/egg/node_modules/egg-logrotator/app/schedule/clean_log.js
2020-04-27 13:50:47,406 INFO 30355 [egg-schedule]: register schedule /home/kasra/www/egg/node_modules/egg-logrotator/app/schedule/rotate_by_file.js
2020-04-27 13:50:55,169 INFO 30369 [egg-schedule]: register schedule /home/kasra/www/egg/node_modules/egg-multipart/app/schedule/clean_tmpdir.js
2020-04-27 13:50:55,169 INFO 30369 [egg-schedule]: register schedule /home/kasra/www/egg/node_modules/egg-logrotator/app/schedule/clean_log.js
2020-04-27 13:50:55,169 INFO 30369 [egg-schedule]: register schedule /home/kasra/www/egg/node_modules/egg-logrotator/app/schedule/rotate_by_file.js
2020-04-27 13:53:03,160 INFO 30493 [egg-schedule]: register schedule /home/kasra/www/egg/node_modules/egg-multipart/app/schedule/clean_tmpdir.js
2020-04-27 13:53:03,160 INFO 30493 [egg-schedule]: register schedule /home/kasra/www/egg/node_modules/egg-logrotator/app/schedule/clean_log.js
2020-04-27 13:53:03,160 INFO 30493 [egg-schedule]: register schedule /home/kasra/www/egg/node_modules/egg-logrotator/app/schedule/rotate_by_file.js
2020-04-27 13:53:23,106 INFO 30534 [egg-schedule]: register schedule /home/kasra/www/egg/node_modules/egg-multipart/app/schedule/clean_tmpdir.js
2020-04-27 13:53:23,106 INFO 30534 [egg-schedule]: register schedule /home/kasra/www/egg/node_modules/egg-logrotator/app/schedule/clean_log.js
2020-04-27 13:53:23,106 INFO 30534 [egg-schedule]: register schedule /home/kasra/www/egg/node_modules/egg-logrotator/app/schedule/rotate_by_file.js
2020-04-27 13:55:13,616 INFO 30612 [egg-schedule]: register schedule /home/kasra/www/egg/node_modules/egg-multipart/app/schedule/clean_tmpdir.js
2020-04-27 13:55:13,616 INFO 30612 [egg-schedule]: register schedule /home/kasra/www/egg/node_modules/egg-logrotator/app/schedule/clean_log.js
2020-04-27 13:55:13,616 INFO 30612 [egg-schedule]: register schedule /home/kasra/www/egg/node_modules/egg-logrotator/app/schedule/rotate_by_file.js
2020-04-27 13:59:17,665 INFO 30787 [egg-schedule]: register schedule /home/kasra/www/egg/node_modules/egg-multipart/app/schedule/clean_tmpdir.js
2020-04-27 13:59:17,665 INFO 30787 [egg-schedule]: register schedule /home/kasra/www/egg/node_modules/egg-logrotator/app/schedule/clean_log.js
2020-04-27 13:59:17,665 INFO 30787 [egg-schedule]: register schedule /home/kasra/www/egg/node_modules/egg-logrotator/app/schedule/rotate_by_file.js
2020-04-27 14:00:17,632 INFO 30833 [egg-schedule]: register schedule /home/kasra/www/egg/node_modules/egg-multipart/app/schedule/clean_tmpdir.js
2020-04-27 14:00:17,632 INFO 30833 [egg-schedule]: register schedule /home/kasra/www/egg/node_modules/egg-logrotator/app/schedule/clean_log.js
2020-04-27 14:00:17,632 INFO 30833 [egg-schedule]: register schedule /home/kasra/www/egg/node_modules/egg-logrotator/app/schedule/rotate_by_file.js
2020-04-27 14:01:05,758 INFO 30869 [egg-schedule]: register schedule /home/kasra/www/egg/node_modules/egg-multipart/app/schedule/clean_tmpdir.js
2020-04-27 14:01:05,759 INFO 30869 [egg-schedule]: register schedule /home/kasra/www/egg/node_modules/egg-logrotator/app/schedule/clean_log.js
2020-04-27 14:01:05,759 INFO 30869 [egg-schedule]: register schedule /home/kasra/www/egg/node_modules/egg-logrotator/app/schedule/rotate_by_file.js
2020-04-27 14:01:32,519 INFO 30899 [egg-schedule]: register schedule /home/kasra/www/egg/node_modules/egg-multipart/app/schedule/clean_tmpdir.js
2020-04-27 14:01:32,519 INFO 30899 [egg-schedule]: register schedule /home/kasra/www/egg/node_modules/egg-logrotator/app/schedule/clean_log.js
2020-04-27 14:01:32,519 INFO 30899 [egg-schedule]: register schedule /home/kasra/www/egg/node_modules/egg-logrotator/app/schedule/rotate_by_file.js
2020-04-27 14:03:12,068 INFO 30978 [egg-schedule]: register schedule /home/kasra/www/egg/node_modules/egg-multipart/app/schedule/clean_tmpdir.js
2020-04-27 14:03:12,068 INFO 30978 [egg-schedule]: register schedule /home/kasra/www/egg/node_modules/egg-logrotator/app/schedule/clean_log.js
2020-04-27 14:03:12,068 INFO 30978 [egg-schedule]: register schedule /home/kasra/www/egg/node_modules/egg-logrotator/app/schedule/rotate_by_file.js
2020-04-27 14:04:27,148 INFO 31073 [egg-schedule]: register schedule /home/kasra/www/egg/node_modules/egg-multipart/app/schedule/clean_tmpdir.js
2020-04-27 14:04:27,148 INFO 31073 [egg-schedule]: register schedule /home/kasra/www/egg/node_modules/egg-logrotator/app/schedule/clean_log.js
2020-04-27 14:04:27,148 INFO 31073 [egg-schedule]: register schedule /home/kasra/www/egg/node_modules/egg-logrotator/app/schedule/rotate_by_file.js
2020-04-27 14:04:50,190 INFO 31106 [egg-schedule]: register schedule /home/kasra/www/egg/node_modules/egg-multipart/app/schedule/clean_tmpdir.js
2020-04-27 14:04:50,190 INFO 31106 [egg-schedule]: register schedule /home/kasra/www/egg/node_modules/egg-logrotator/app/schedule/clean_log.js
2020-04-27 14:04:50,190 INFO 31106 [egg-schedule]: register schedule /home/kasra/www/egg/node_modules/egg-logrotator/app/schedule/rotate_by_file.js
2020-04-27 14:05:29,953 INFO 31181 [egg-schedule]: register schedule /home/kasra/www/egg/node_modules/egg-multipart/app/schedule/clean_tmpdir.js
2020-04-27 14:05:29,953 INFO 31181 [egg-schedule]: register schedule /home/kasra/www/egg/node_modules/egg-logrotator/app/schedule/clean_log.js
2020-04-27 14:05:29,953 INFO 31181 [egg-schedule]: register schedule /home/kasra/www/egg/node_modules/egg-logrotator/app/schedule/rotate_by_file.js
2020-04-27 14:06:15,008 INFO 31225 [egg-schedule]: register schedule /home/kasra/www/egg/node_modules/egg-multipart/app/schedule/clean_tmpdir.js
2020-04-27 14:06:15,008 INFO 31225 [egg-schedule]: register schedule /home/kasra/www/egg/node_modules/egg-logrotator/app/schedule/clean_log.js
2020-04-27 14:06:15,008 INFO 31225 [egg-schedule]: register schedule /home/kasra/www/egg/node_modules/egg-logrotator/app/schedule/rotate_by_file.js
2020-04-27 14:06:27,936 INFO 31261 [egg-schedule]: register schedule /home/kasra/www/egg/node_modules/egg-multipart/app/schedule/clean_tmpdir.js
2020-04-27 14:06:27,936 INFO 31261 [egg-schedule]: register schedule /home/kasra/www/egg/node_modules/egg-logrotator/app/schedule/clean_log.js
2020-04-27 14:06:27,936 INFO 31261 [egg-schedule]: register schedule /home/kasra/www/egg/node_modules/egg-logrotator/app/schedule/rotate_by_file.js
2020-04-27 14:06:48,552 INFO 31291 [egg-schedule]: register schedule /home/kasra/www/egg/node_modules/egg-multipart/app/schedule/clean_tmpdir.js
2020-04-27 14:06:48,552 INFO 31291 [egg-schedule]: register schedule /home/kasra/www/egg/node_modules/egg-logrotator/app/schedule/clean_log.js
2020-04-27 14:06:48,552 INFO 31291 [egg-schedule]: register schedule /home/kasra/www/egg/node_modules/egg-logrotator/app/schedule/rotate_by_file.js
2020-04-27 14:07:21,674 INFO 31330 [egg-schedule]: register schedule /home/kasra/www/egg/node_modules/egg-multipart/app/schedule/clean_tmpdir.js
2020-04-27 14:07:21,674 INFO 31330 [egg-schedule]: register schedule /home/kasra/www/egg/node_modules/egg-logrotator/app/schedule/clean_log.js
2020-04-27 14:07:21,674 INFO 31330 [egg-schedule]: register schedule /home/kasra/www/egg/node_modules/egg-logrotator/app/schedule/rotate_by_file.js
2020-04-27 14:08:27,554 INFO 31407 [egg-schedule]: register schedule /home/kasra/www/egg/node_modules/egg-multipart/app/schedule/clean_tmpdir.js
2020-04-27 14:08:27,554 INFO 31407 [egg-schedule]: register schedule /home/kasra/www/egg/node_modules/egg-logrotator/app/schedule/clean_log.js
2020-04-27 14:08:27,554 INFO 31407 [egg-schedule]: register schedule /home/kasra/www/egg/node_modules/egg-logrotator/app/schedule/rotate_by_file.js
2020-04-27 14:13:36,109 INFO 31698 [egg-schedule]: register schedule /home/kasra/www/egg/node_modules/egg-multipart/app/schedule/clean_tmpdir.js
2020-04-27 14:13:36,109 INFO 31698 [egg-schedule]: register schedule /home/kasra/www/egg/node_modules/egg-logrotator/app/schedule/clean_log.js
2020-04-27 14:13:36,109 INFO 31698 [egg-schedule]: register schedule /home/kasra/www/egg/node_modules/egg-logrotator/app/schedule/rotate_by_file.js
2020-04-27 14:13:47,811 INFO 31718 [egg-schedule]: register schedule /home/kasra/www/egg/node_modules/egg-multipart/app/schedule/clean_tmpdir.js
2020-04-27 14:13:47,811 INFO 31718 [egg-schedule]: register schedule /home/kasra/www/egg/node_modules/egg-logrotator/app/schedule/clean_log.js
2020-04-27 14:13:47,811 INFO 31718 [egg-schedule]: register schedule /home/kasra/www/egg/node_modules/egg-logrotator/app/schedule/rotate_by_file.js
2020-04-27 14:15:37,387 INFO 31911 [egg-schedule]: register schedule /home/kasra/www/egg/node_modules/egg-multipart/app/schedule/clean_tmpdir.js
2020-04-27 14:15:37,387 INFO 31911 [egg-schedule]: register schedule /home/kasra/www/egg/node_modules/egg-logrotator/app/schedule/clean_log.js
2020-04-27 14:15:37,387 INFO 31911 [egg-schedule]: register schedule /home/kasra/www/egg/node_modules/egg-logrotator/app/schedule/rotate_by_file.js
2020-04-27 14:46:28,027 INFO 32508 [egg-schedule]: register schedule /home/kasra/www/egg/node_modules/egg-multipart/app/schedule/clean_tmpdir.js
2020-04-27 14:46:28,027 INFO 32508 [egg-schedule]: register schedule /home/kasra/www/egg/node_modules/egg-logrotator/app/schedule/clean_log.js
2020-04-27 14:46:28,027 INFO 32508 [egg-schedule]: register schedule /home/kasra/www/egg/node_modules/egg-logrotator/app/schedule/rotate_by_file.js
2020-04-27 14:46:29,169 INFO 32572 [egg-schedule]: register schedule /home/kasra/www/egg/node_modules/egg-multipart/app/schedule/clean_tmpdir.js
2020-04-27 14:46:29,169 INFO 32572 [egg-schedule]: register schedule /home/kasra/www/egg/node_modules/egg-logrotator/app/schedule/clean_log.js
2020-04-27 14:46:29,169 INFO 32572 [egg-schedule]: register schedule /home/kasra/www/egg/node_modules/egg-logrotator/app/schedule/rotate_by_file.js
2020-04-27 14:55:36,865 INFO 474 [egg-schedule]: register schedule /home/kasra/www/egg/node_modules/egg-multipart/app/schedule/clean_tmpdir.js
2020-04-27 14:55:36,865 INFO 474 [egg-schedule]: register schedule /home/kasra/www/egg/node_modules/egg-logrotator/app/schedule/clean_log.js
2020-04-27 14:55:36,865 INFO 474 [egg-schedule]: register schedule /home/kasra/www/egg/node_modules/egg-logrotator/app/schedule/rotate_by_file.js
2020-04-27 14:55:42,192 INFO 545 [egg-schedule]: register schedule /home/kasra/www/egg/node_modules/egg-multipart/app/schedule/clean_tmpdir.js
2020-04-27 14:55:42,192 INFO 545 [egg-schedule]: register schedule /home/kasra/www/egg/node_modules/egg-logrotator/app/schedule/clean_log.js
2020-04-27 14:55:42,192 INFO 545 [egg-schedule]: register schedule /home/kasra/www/egg/node_modules/egg-logrotator/app/schedule/rotate_by_file.js
2020-04-27 14:56:08,762 INFO 577 [egg-schedule]: register schedule /home/kasra/www/egg/node_modules/egg-multipart/app/schedule/clean_tmpdir.js
2020-04-27 14:56:08,762 INFO 577 [egg-schedule]: register schedule /home/kasra/www/egg/node_modules/egg-logrotator/app/schedule/clean_log.js
2020-04-27 14:56:08,762 INFO 577 [egg-schedule]: register schedule /home/kasra/www/egg/node_modules/egg-logrotator/app/schedule/rotate_by_file.js
2020-04-27 15:48:05,181 INFO 2837 [egg-schedule]: register schedule /home/kasra/www/egg/node_modules/egg-multipart/app/schedule/clean_tmpdir.js
2020-04-27 15:48:05,181 INFO 2837 [egg-schedule]: register schedule /home/kasra/www/egg/node_modules/egg-logrotator/app/schedule/clean_log.js
2020-04-27 15:48:05,181 INFO 2837 [egg-schedule]: register schedule /home/kasra/www/egg/node_modules/egg-logrotator/app/schedule/rotate_by_file.js
2020-04-27 15:50:43,795 INFO 2963 [egg-schedule]: register schedule /home/kasra/www/egg/node_modules/egg-multipart/app/schedule/clean_tmpdir.js
2020-04-27 15:50:43,795 INFO 2963 [egg-schedule]: register schedule /home/kasra/www/egg/node_modules/egg-logrotator/app/schedule/clean_log.js
2020-04-27 15:50:43,795 INFO 2963 [egg-schedule]: register schedule /home/kasra/www/egg/node_modules/egg-logrotator/app/schedule/rotate_by_file.js
2020-04-28 11:26:59,089 INFO 6673 [egg-schedule]: register schedule /home/kasra/www/egg/node_modules/egg-multipart/app/schedule/clean_tmpdir.js
2020-04-28 11:26:59,089 INFO 6673 [egg-schedule]: register schedule /home/kasra/www/egg/node_modules/egg-logrotator/app/schedule/clean_log.js
2020-04-28 11:26:59,089 INFO 6673 [egg-schedule]: register schedule /home/kasra/www/egg/node_modules/egg-logrotator/app/schedule/rotate_by_file.js
2020-04-28 11:29:14,706 INFO 6791 [egg-schedule]: register schedule /home/kasra/www/egg/node_modules/egg-multipart/app/schedule/clean_tmpdir.js
2020-04-28 11:29:14,706 INFO 6791 [egg-schedule]: register schedule /home/kasra/www/egg/node_modules/egg-logrotator/app/schedule/clean_log.js
2020-04-28 11:29:14,706 INFO 6791 [egg-schedule]: register schedule /home/kasra/www/egg/node_modules/egg-logrotator/app/schedule/rotate_by_file.js
2020-04-28 11:30:25,038 INFO 7173 [Timer] /home/kasra/www/egg/node_modules/egg-multipart/app/schedule/clean_tmpdir.js next time will execute after 61174964ms at 2020-04-29 04:30:00.002
2020-04-28 11:30:25,039 INFO 7173 [Timer] /home/kasra/www/egg/node_modules/egg-logrotator/app/schedule/clean_log.js next time will execute after 44974961ms at 2020-04-29 00:00:00.000
2020-04-28 11:30:25,039 INFO 7173 [Timer] /home/kasra/www/egg/node_modules/egg-logrotator/app/schedule/rotate_by_file.js next time will execute after 44975961ms at 2020-04-29 00:00:01.000
2020-04-28 11:30:24,775 INFO 7184 [egg-schedule]: register schedule /home/kasra/www/egg/node_modules/egg-multipart/app/schedule/clean_tmpdir.js
2020-04-28 11:30:24,775 INFO 7184 [egg-schedule]: register schedule /home/kasra/www/egg/node_modules/egg-logrotator/app/schedule/clean_log.js
2020-04-28 11:30:24,775 INFO 7184 [egg-schedule]: register schedule /home/kasra/www/egg/node_modules/egg-logrotator/app/schedule/rotate_by_file.js
2020-04-28 13:00:59,620 INFO 10481 [egg-schedule]: register schedule /home/kasra/www/egg/node_modules/egg-multipart/app/schedule/clean_tmpdir.js
2020-04-28 13:00:59,620 INFO 10481 [egg-schedule]: register schedule /home/kasra/www/egg/node_modules/egg-logrotator/app/schedule/clean_log.js
2020-04-28 13:00:59,620 INFO 10481 [egg-schedule]: register schedule /home/kasra/www/egg/node_modules/egg-logrotator/app/schedule/rotate_by_file.js
2020-04-28 13:01:00,971 INFO 10500 [egg-schedule]: register schedule /home/kasra/www/egg/node_modules/egg-multipart/app/schedule/clean_tmpdir.js
2020-04-28 13:01:00,971 INFO 10500 [egg-schedule]: register schedule /home/kasra/www/egg/node_modules/egg-logrotator/app/schedule/clean_log.js
2020-04-28 13:01:00,971 INFO 10500 [egg-schedule]: register schedule /home/kasra/www/egg/node_modules/egg-logrotator/app/schedule/rotate_by_file.js
2020-04-28 13:01:42,158 INFO 10530 [egg-schedule]: register schedule /home/kasra/www/egg/node_modules/egg-multipart/app/schedule/clean_tmpdir.js
2020-04-28 13:01:42,158 INFO 10530 [egg-schedule]: register schedule /home/kasra/www/egg/node_modules/egg-logrotator/app/schedule/clean_log.js
2020-04-28 13:01:42,158 INFO 10530 [egg-schedule]: register schedule /home/kasra/www/egg/node_modules/egg-logrotator/app/schedule/rotate_by_file.js
2020-04-28 13:04:49,045 INFO 10626 [egg-schedule]: register schedule /home/kasra/www/egg/node_modules/egg-multipart/app/schedule/clean_tmpdir.js
2020-04-28 13:04:49,045 INFO 10626 [egg-schedule]: register schedule /home/kasra/www/egg/node_modules/egg-logrotator/app/schedule/clean_log.js
2020-04-28 13:04:49,045 INFO 10626 [egg-schedule]: register schedule /home/kasra/www/egg/node_modules/egg-logrotator/app/schedule/rotate_by_file.js
2020-04-28 13:09:26,297 INFO 10721 [egg-schedule]: register schedule /home/kasra/www/egg/node_modules/egg-multipart/app/schedule/clean_tmpdir.js
2020-04-28 13:09:26,297 INFO 10721 [egg-schedule]: register schedule /home/kasra/www/egg/node_modules/egg-logrotator/app/schedule/clean_log.js
2020-04-28 13:09:26,297 INFO 10721 [egg-schedule]: register schedule /home/kasra/www/egg/node_modules/egg-logrotator/app/schedule/rotate_by_file.js
2020-04-28 13:19:00,390 INFO 10977 [egg-schedule]: register schedule /home/kasra/www/egg/node_modules/egg-multipart/app/schedule/clean_tmpdir.js
2020-04-28 13:19:00,390 INFO 10977 [egg-schedule]: register schedule /home/kasra/www/egg/node_modules/egg-logrotator/app/schedule/clean_log.js
2020-04-28 13:19:00,390 INFO 10977 [egg-schedule]: register schedule /home/kasra/www/egg/node_modules/egg-logrotator/app/schedule/rotate_by_file.js
2020-04-28 13:21:24,136 INFO 11068 [egg-schedule]: register schedule /home/kasra/www/egg/node_modules/egg-multipart/app/schedule/clean_tmpdir.js
2020-04-28 13:21:24,136 INFO 11068 [egg-schedule]: register schedule /home/kasra/www/egg/node_modules/egg-logrotator/app/schedule/clean_log.js
2020-04-28 13:21:24,136 INFO 11068 [egg-schedule]: register schedule /home/kasra/www/egg/node_modules/egg-logrotator/app/schedule/rotate_by_file.js
2020-04-28 13:23:16,165 INFO 11140 [egg-schedule]: register schedule /home/kasra/www/egg/node_modules/egg-multipart/app/schedule/clean_tmpdir.js
2020-04-28 13:23:16,165 INFO 11140 [egg-schedule]: register schedule /home/kasra/www/egg/node_modules/egg-logrotator/app/schedule/clean_log.js
2020-04-28 13:23:16,165 INFO 11140 [egg-schedule]: register schedule /home/kasra/www/egg/node_modules/egg-logrotator/app/schedule/rotate_by_file.js
2020-04-28 13:23:51,628 INFO 11168 [egg-schedule]: register schedule /home/kasra/www/egg/node_modules/egg-multipart/app/schedule/clean_tmpdir.js
2020-04-28 13:23:51,628 INFO 11168 [egg-schedule]: register schedule /home/kasra/www/egg/node_modules/egg-logrotator/app/schedule/clean_log.js
2020-04-28 13:23:51,628 INFO 11168 [egg-schedule]: register schedule /home/kasra/www/egg/node_modules/egg-logrotator/app/schedule/rotate_by_file.js
2020-04-28 13:24:52,651 INFO 11229 [egg-schedule]: register schedule /home/kasra/www/egg/node_modules/egg-multipart/app/schedule/clean_tmpdir.js
2020-04-28 13:24:52,651 INFO 11229 [egg-schedule]: register schedule /home/kasra/www/egg/node_modules/egg-logrotator/app/schedule/clean_log.js
2020-04-28 13:24:52,651 INFO 11229 [egg-schedule]: register schedule /home/kasra/www/egg/node_modules/egg-logrotator/app/schedule/rotate_by_file.js
2020-04-28 13:24:55,624 INFO 11243 [egg-schedule]: register schedule /home/kasra/www/egg/node_modules/egg-multipart/app/schedule/clean_tmpdir.js
2020-04-28 13:24:55,624 INFO 11243 [egg-schedule]: register schedule /home/kasra/www/egg/node_modules/egg-logrotator/app/schedule/clean_log.js
2020-04-28 13:24:55,624 INFO 11243 [egg-schedule]: register schedule /home/kasra/www/egg/node_modules/egg-logrotator/app/schedule/rotate_by_file.js
2020-04-28 13:25:32,599 INFO 11276 [egg-schedule]: register schedule /home/kasra/www/egg/node_modules/egg-multipart/app/schedule/clean_tmpdir.js
2020-04-28 13:25:32,599 INFO 11276 [egg-schedule]: register schedule /home/kasra/www/egg/node_modules/egg-logrotator/app/schedule/clean_log.js
2020-04-28 13:25:32,599 INFO 11276 [egg-schedule]: register schedule /home/kasra/www/egg/node_modules/egg-logrotator/app/schedule/rotate_by_file.js
2020-04-28 13:25:58,195 INFO 11298 [egg-schedule]: register schedule /home/kasra/www/egg/node_modules/egg-multipart/app/schedule/clean_tmpdir.js
2020-04-28 13:25:58,195 INFO 11298 [egg-schedule]: register schedule /home/kasra/www/egg/node_modules/egg-logrotator/app/schedule/clean_log.js
2020-04-28 13:25:58,195 INFO 11298 [egg-schedule]: register schedule /home/kasra/www/egg/node_modules/egg-logrotator/app/schedule/rotate_by_file.js
2020-04-28 13:29:32,723 INFO 11367 [egg-schedule]: register schedule /home/kasra/www/egg/node_modules/egg-multipart/app/schedule/clean_tmpdir.js
2020-04-28 13:29:32,723 INFO 11367 [egg-schedule]: register schedule /home/kasra/www/egg/node_modules/egg-logrotator/app/schedule/clean_log.js
2020-04-28 13:29:32,723 INFO 11367 [egg-schedule]: register schedule /home/kasra/www/egg/node_modules/egg-logrotator/app/schedule/rotate_by_file.js
2020-04-28 13:29:46,718 INFO 11392 [egg-schedule]: register schedule /home/kasra/www/egg/node_modules/egg-multipart/app/schedule/clean_tmpdir.js
2020-04-28 13:29:46,718 INFO 11392 [egg-schedule]: register schedule /home/kasra/www/egg/node_modules/egg-logrotator/app/schedule/clean_log.js
2020-04-28 13:29:46,718 INFO 11392 [egg-schedule]: register schedule /home/kasra/www/egg/node_modules/egg-logrotator/app/schedule/rotate_by_file.js
2020-04-28 13:33:18,562 INFO 11535 [egg-schedule]: register schedule /home/kasra/www/egg/node_modules/egg-multipart/app/schedule/clean_tmpdir.js
2020-04-28 13:33:18,562 INFO 11535 [egg-schedule]: register schedule /home/kasra/www/egg/node_modules/egg-logrotator/app/schedule/clean_log.js
2020-04-28 13:33:18,562 INFO 11535 [egg-schedule]: register schedule /home/kasra/www/egg/node_modules/egg-logrotator/app/schedule/rotate_by_file.js
2020-04-28 13:33:23,481 INFO 11548 [egg-schedule]: register schedule /home/kasra/www/egg/node_modules/egg-multipart/app/schedule/clean_tmpdir.js
2020-04-28 13:33:23,481 INFO 11548 [egg-schedule]: register schedule /home/kasra/www/egg/node_modules/egg-logrotator/app/schedule/clean_log.js
2020-04-28 13:33:23,481 INFO 11548 [egg-schedule]: register schedule /home/kasra/www/egg/node_modules/egg-logrotator/app/schedule/rotate_by_file.js
2020-04-28 13:34:03,598 INFO 11575 [egg-schedule]: register schedule /home/kasra/www/egg/node_modules/egg-multipart/app/schedule/clean_tmpdir.js
2020-04-28 13:34:03,598 INFO 11575 [egg-schedule]: register schedule /home/kasra/www/egg/node_modules/egg-logrotator/app/schedule/clean_log.js
2020-04-28 13:34:03,598 INFO 11575 [egg-schedule]: register schedule /home/kasra/www/egg/node_modules/egg-logrotator/app/schedule/rotate_by_file.js
2020-04-28 13:35:41,424 INFO 11638 [egg-schedule]: register schedule /home/kasra/www/egg/node_modules/egg-multipart/app/schedule/clean_tmpdir.js
2020-04-28 13:35:41,424 INFO 11638 [egg-schedule]: register schedule /home/kasra/www/egg/node_modules/egg-logrotator/app/schedule/clean_log.js
2020-04-28 13:35:41,424 INFO 11638 [egg-schedule]: register schedule /home/kasra/www/egg/node_modules/egg-logrotator/app/schedule/rotate_by_file.js
2020-04-28 13:35:57,578 INFO 11667 [egg-schedule]: register schedule /home/kasra/www/egg/node_modules/egg-multipart/app/schedule/clean_tmpdir.js
2020-04-28 13:35:57,578 INFO 11667 [egg-schedule]: register schedule /home/kasra/www/egg/node_modules/egg-logrotator/app/schedule/clean_log.js
2020-04-28 13:35:57,578 INFO 11667 [egg-schedule]: register schedule /home/kasra/www/egg/node_modules/egg-logrotator/app/schedule/rotate_by_file.js
2020-04-28 13:38:02,182 INFO 11723 [egg-schedule]: register schedule /home/kasra/www/egg/node_modules/egg-multipart/app/schedule/clean_tmpdir.js
2020-04-28 13:38:02,182 INFO 11723 [egg-schedule]: register schedule /home/kasra/www/egg/node_modules/egg-logrotator/app/schedule/clean_log.js
2020-04-28 13:38:02,182 INFO 11723 [egg-schedule]: register schedule /home/kasra/www/egg/node_modules/egg-logrotator/app/schedule/rotate_by_file.js
2020-04-28 13:38:17,318 INFO 11757 [egg-schedule]: register schedule /home/kasra/www/egg/node_modules/egg-multipart/app/schedule/clean_tmpdir.js
2020-04-28 13:38:17,318 INFO 11757 [egg-schedule]: register schedule /home/kasra/www/egg/node_modules/egg-logrotator/app/schedule/clean_log.js
2020-04-28 13:38:17,318 INFO 11757 [egg-schedule]: register schedule /home/kasra/www/egg/node_modules/egg-logrotator/app/schedule/rotate_by_file.js
2020-04-28 13:41:42,725 INFO 11896 [egg-schedule]: register schedule /home/kasra/www/egg/node_modules/egg-multipart/app/schedule/clean_tmpdir.js
2020-04-28 13:41:42,725 INFO 11896 [egg-schedule]: register schedule /home/kasra/www/egg/node_modules/egg-logrotator/app/schedule/clean_log.js
2020-04-28 13:41:42,725 INFO 11896 [egg-schedule]: register schedule /home/kasra/www/egg/node_modules/egg-logrotator/app/schedule/rotate_by_file.js
2020-04-28 13:43:08,309 INFO 11997 [egg-schedule]: register schedule /home/kasra/www/egg/node_modules/egg-multipart/app/schedule/clean_tmpdir.js
2020-04-28 13:43:08,309 INFO 11997 [egg-schedule]: register schedule /home/kasra/www/egg/node_modules/egg-logrotator/app/schedule/clean_log.js
2020-04-28 13:43:08,309 INFO 11997 [egg-schedule]: register schedule /home/kasra/www/egg/node_modules/egg-logrotator/app/schedule/rotate_by_file.js
2020-04-28 13:48:47,536 INFO 12115 [egg-schedule]: register schedule /home/kasra/www/egg/node_modules/egg-multipart/app/schedule/clean_tmpdir.js
2020-04-28 13:48:47,536 INFO 12115 [egg-schedule]: register schedule /home/kasra/www/egg/node_modules/egg-logrotator/app/schedule/clean_log.js
2020-04-28 13:48:47,536 INFO 12115 [egg-schedule]: register schedule /home/kasra/www/egg/node_modules/egg-logrotator/app/schedule/rotate_by_file.js
2020-04-28 13:49:36,632 INFO 12218 [Timer] /home/kasra/www/egg/node_modules/egg-multipart/app/schedule/clean_tmpdir.js next time will execute after 52823370ms at 2020-04-29 04:30:00.002
2020-04-28 13:49:36,632 INFO 12218 [Timer] /home/kasra/www/egg/node_modules/egg-logrotator/app/schedule/clean_log.js next time will execute after 36623368ms at 2020-04-29 00:00:00.000
2020-04-28 13:49:36,632 INFO 12218 [Timer] /home/kasra/www/egg/node_modules/egg-logrotator/app/schedule/rotate_by_file.js next time will execute after 36624368ms at 2020-04-29 00:00:01.000
2020-04-28 13:49:36,366 INFO 12229 [egg-schedule]: register schedule /home/kasra/www/egg/node_modules/egg-multipart/app/schedule/clean_tmpdir.js
2020-04-28 13:49:36,366 INFO 12229 [egg-schedule]: register schedule /home/kasra/www/egg/node_modules/egg-logrotator/app/schedule/clean_log.js
2020-04-28 13:49:36,366 INFO 12229 [egg-schedule]: register schedule /home/kasra/www/egg/node_modules/egg-logrotator/app/schedule/rotate_by_file.js
2020-04-28 13:51:38,036 INFO 12432 [egg-schedule]: register schedule /home/kasra/www/egg/node_modules/egg-multipart/app/schedule/clean_tmpdir.js
2020-04-28 13:51:38,036 INFO 12432 [egg-schedule]: register schedule /home/kasra/www/egg/node_modules/egg-logrotator/app/schedule/clean_log.js
2020-04-28 13:51:38,036 INFO 12432 [egg-schedule]: register schedule /home/kasra/www/egg/node_modules/egg-logrotator/app/schedule/rotate_by_file.js
2020-04-28 13:56:22,113 INFO 12769 [egg-schedule]: register schedule /home/kasra/www/egg/node_modules/egg-multipart/app/schedule/clean_tmpdir.js
2020-04-28 13:56:22,113 INFO 12769 [egg-schedule]: register schedule /home/kasra/www/egg/node_modules/egg-logrotator/app/schedule/clean_log.js
2020-04-28 13:56:22,113 INFO 12769 [egg-schedule]: register schedule /home/kasra/www/egg/node_modules/egg-logrotator/app/schedule/rotate_by_file.js
2020-04-28 14:47:29,808 INFO 18035 [egg-schedule]: register schedule /home/kasra/www/egg/node_modules/egg-multipart/app/schedule/clean_tmpdir.js
2020-04-28 14:47:29,808 INFO 18035 [egg-schedule]: register schedule /home/kasra/www/egg/node_modules/egg-logrotator/app/schedule/clean_log.js
2020-04-28 14:47:29,808 INFO 18035 [egg-schedule]: register schedule /home/kasra/www/egg/node_modules/egg-logrotator/app/schedule/rotate_by_file.js
2020-04-28 14:47:30,148 INFO 18024 [Timer] /home/kasra/www/egg/node_modules/egg-multipart/app/schedule/clean_tmpdir.js next time will execute after 49349854ms at 2020-04-29 04:30:00.002
2020-04-28 14:47:30,148 INFO 18024 [Timer] /home/kasra/www/egg/node_modules/egg-logrotator/app/schedule/clean_log.js next time will execute after 33149852ms at 2020-04-29 00:00:00.000
2020-04-28 14:47:30,149 INFO 18024 [Timer] /home/kasra/www/egg/node_modules/egg-logrotator/app/schedule/rotate_by_file.js next time will execute after 33150852ms at 2020-04-29 00:00:01.001
2020-04-28 14:48:18,193 INFO 18096 [egg-schedule]: register schedule /home/kasra/www/egg/node_modules/egg-multipart/app/schedule/clean_tmpdir.js
2020-04-28 14:48:18,193 INFO 18096 [egg-schedule]: register schedule /home/kasra/www/egg/node_modules/egg-logrotator/app/schedule/clean_log.js
2020-04-28 14:48:18,193 INFO 18096 [egg-schedule]: register schedule /home/kasra/www/egg/node_modules/egg-logrotator/app/schedule/rotate_by_file.js
2020-04-28 14:48:19,089 INFO 18118 [egg-schedule]: register schedule /home/kasra/www/egg/node_modules/egg-multipart/app/schedule/clean_tmpdir.js
2020-04-28 14:48:19,089 INFO 18118 [egg-schedule]: register schedule /home/kasra/www/egg/node_modules/egg-logrotator/app/schedule/clean_log.js
2020-04-28 14:48:19,089 INFO 18118 [egg-schedule]: register schedule /home/kasra/www/egg/node_modules/egg-logrotator/app/schedule/rotate_by_file.js
